<?xml version="1.0" encoding="UTF-8"?>
<!-- Generated by org.testng.reporters.JUnitReportReporter -->
<testsuite skipped="0" hostname="DESKTOP-GDSB1A9" name="test.ParkingCalculator.ParkingCalculatorTest" tests="2" failures="0" timestamp="05 Jul 2019 00:55:35 GMT" time="6.231" errors="0">
  <testcase name="ParkingPriceCalculatorTest" time="2.062" classname="test.ParkingCalculator.ParkingCalculatorTest"/>
  <testcase name="ParkingPriceCalculatorTest" time="4.169" classname="test.ParkingCalculator.ParkingCalculatorTest"/>
</testsuite> <!-- test.ParkingCalculator.ParkingCalculatorTest -->
